<?xml version="1.0" encoding="UTF-8"?>
<!-- Generated by org.testng.reporters.JUnitReportReporter -->
<testsuite name="keywords.suiteRediff.RediffLoginTest" tests="1" time="50.433" ignored="0" failures="0" timestamp="20 Aug 2018 07:40:44 GMT" skipped="0" hostname="Murthy-PC" errors="0">
  <testcase name="LoginTest" time="50.433" classname="keywords.suiteRediff.RediffLoginTest"/>
</testsuite> <!-- keywords.suiteRediff.RediffLoginTest -->
