<?xml version="1.0" encoding="UTF-8"?>
<!-- Generated by org.testng.reporters.JUnitReportReporter -->
<testsuite name="facebook.testCases.TestA" tests="4" time="0.019" ignored="0" failures="0" timestamp="18 Sep 2018 08:43:28 GMT" skipped="0" hostname="Murthy-PC" errors="0">
  <testcase name="initial" time="0.002" classname="facebook.testCases.TestA"/>
  <testcase name="initial" time="0.001" classname="facebook.testCases.TestA"/>
  <testcase name="initial" time="0.002" classname="facebook.testCases.TestA"/>
  <testcase name="initial" time="0.014" classname="facebook.testCases.TestA"/>
</testsuite> <!-- facebook.testCases.TestA -->
