<?xml version="1.0" encoding="UTF-8"?>
<!-- Generated by org.testng.reporters.JUnitReportReporter -->
<testsuite name="facebook.testCases.ProfileTest" tests="1" time="37.626" ignored="0" failures="0" timestamp="17 Sep 2018 12:50:50 GMT" skipped="0" hostname="Murthy-PC" errors="0">
  <testcase name="testProfile" time="37.626" classname="facebook.testCases.ProfileTest"/>
</testsuite> <!-- facebook.testCases.ProfileTest -->
