<?xml version="1.0" encoding="UTF-8"?>
<!-- Generated by org.testng.reporters.JUnitReportReporter -->
<testsuite name="facebook.testCases.ProfileTest" tests="1" time="38.401" ignored="0" failures="0" timestamp="19 Sep 2018 15:43:39 GMT" skipped="0" hostname="Murthy-PC" errors="0">
  <testcase name="testProfile" time="38.401" classname="facebook.testCases.ProfileTest"/>
</testsuite> <!-- facebook.testCases.ProfileTest -->
